[debug] [2022-01-27T10:17:05.324Z] ----------------------------------------------------------------------
[debug] [2022-01-27T10:17:05.327Z] Command:       C:\Program Files\nodejs\node.exe C:\Users\ryzen\AppData\Roaming\npm\node_modules\firebase-tools\lib\bin\firebase.js emulators:start
[debug] [2022-01-27T10:17:05.327Z] CLI Version:   9.23.1
[debug] [2022-01-27T10:17:05.328Z] Platform:      win32
[debug] [2022-01-27T10:17:05.328Z] Node Version:  v16.13.0
[debug] [2022-01-27T10:17:05.329Z] Time:          Thu Jan 27 2022 11:17:05 GMT+0100 (czas środkowoeuropejski standardowy)
[debug] [2022-01-27T10:17:05.330Z] ----------------------------------------------------------------------
[debug] 
[debug] [2022-01-27T10:17:05.414Z] > command requires scopes: ["email","openid","https://www.googleapis.com/auth/cloudplatformprojects.readonly","https://www.googleapis.com/auth/firebase","https://www.googleapis.com/auth/cloud-platform"]
[debug] [2022-01-27T10:17:05.415Z] > authorizing via signed-in user (szymon.oltuszyk@gmail.com)
[info] i  emulators: Starting emulators: functions, hosting {"metadata":{"emulator":{"name":"hub"},"message":"Starting emulators: functions, hosting"}}
[debug] [2022-01-27T10:17:05.483Z] [hub] writing locator at C:\Users\ryzen\AppData\Local\Temp\hub-shop-1cc63.json
[warn] !  functions: The following emulators are not running, calls to these services from the Functions emulator will affect production: auth, firestore, database, pubsub, storage {"metadata":{"emulator":{"name":"functions"},"message":"The following emulators are not running, calls to these services from the Functions emulator will affect production: \u001b[1mauth, firestore, database, pubsub, storage\u001b[22m"}}
[warn] !  Your requested "node" version "14" doesn't match your global version "16" {"metadata":{"emulator":{"name":"functions"},"message":"Your requested \"node\" version \"14\" doesn't match your global version \"16\""}}
[debug] [2022-01-27T10:17:05.538Z] defaultcredentials: writing to file C:\Users\ryzen\AppData\Roaming\firebase\szymon_oltuszyk_gmail.com_application_default_credentials.json
[debug] [2022-01-27T10:17:05.544Z] Setting GAC to C:\Users\ryzen\AppData\Roaming\firebase\szymon_oltuszyk_gmail.com_application_default_credentials.json {"metadata":{"emulator":{"name":"functions"},"message":"Setting GAC to C:\\Users\\ryzen\\AppData\\Roaming\\firebase\\szymon_oltuszyk_gmail.com_application_default_credentials.json"}}
[debug] [2022-01-27T10:17:05.551Z] >>> [apiv2][query] GET https://firebase.googleapis.com/v1beta1/projects/shop-1cc63/adminSdkConfig [none]
[debug] [2022-01-27T10:17:05.871Z] <<< [apiv2][status] GET https://firebase.googleapis.com/v1beta1/projects/shop-1cc63/adminSdkConfig 200
[debug] [2022-01-27T10:17:05.871Z] <<< [apiv2][body] GET https://firebase.googleapis.com/v1beta1/projects/shop-1cc63/adminSdkConfig {"projectId":"shop-1cc63","storageBucket":"shop-1cc63.appspot.com","locationId":"us-central"}
[debug] [2022-01-27T10:17:05.895Z] >>> [apiv2][query] GET https://firebasehosting.googleapis.com/v1beta1/projects/shop-1cc63/sites 
[debug] [2022-01-27T10:17:06.802Z] <<< [apiv2][status] GET https://firebasehosting.googleapis.com/v1beta1/projects/shop-1cc63/sites 200
[debug] [2022-01-27T10:17:06.803Z] <<< [apiv2][body] GET https://firebasehosting.googleapis.com/v1beta1/projects/shop-1cc63/sites {"sites":[{"name":"projects/322649637277/sites/shop-1cc63","defaultUrl":"https://shop-1cc63.web.app","appId":"1:322649637277:web:2679cb34abc806769f2f74","type":"DEFAULT_SITE"}]}
[debug] [2022-01-27T10:17:06.803Z] >>> [apiv2][query] GET https://firebase.googleapis.com/v1beta1/projects/shop-1cc63/webApps/1:322649637277:web:2679cb34abc806769f2f74/config [none]
[debug] [2022-01-27T10:17:07.780Z] <<< [apiv2][status] GET https://firebase.googleapis.com/v1beta1/projects/shop-1cc63/webApps/1:322649637277:web:2679cb34abc806769f2f74/config 200
[debug] [2022-01-27T10:17:07.780Z] <<< [apiv2][body] GET https://firebase.googleapis.com/v1beta1/projects/shop-1cc63/webApps/1:322649637277:web:2679cb34abc806769f2f74/config {"projectId":"shop-1cc63","appId":"1:322649637277:web:2679cb34abc806769f2f74","storageBucket":"shop-1cc63.appspot.com","locationId":"us-central","apiKey":"AIzaSyCMYXTTzU2bvLNyG05PtxgFBPKRxfkt2hc","authDomain":"shop-1cc63.firebaseapp.com","messagingSenderId":"322649637277","measurementId":"G-L466BE06GG"}
[info] i  hosting: Serving hosting files from: build {"metadata":{"emulator":{"name":"hosting"},"message":"Serving hosting files from: \u001b[1mbuild\u001b[22m"}}
[info] +  hosting: Local server: http://localhost:5000 {"metadata":{"emulator":{"name":"hosting"},"message":"Local server: \u001b[4m\u001b[1mhttp://localhost:5000\u001b[22m\u001b[24m"}}
[warn] !  emulators: The Emulator UI requires a project ID to start. Configure your default project with 'firebase use' or pass the --project flag. {"metadata":{"emulator":{"name":"hub"},"message":"The Emulator UI requires a project ID to start. Configure your default project with 'firebase use' or pass the --project flag."}}
[info] i  functions: Watching "C:\Users\ryzen\Desktop\Projekt Sklep React\shop\functions" for Cloud Functions... {"metadata":{"emulator":{"name":"functions"},"message":"Watching \"C:\\Users\\ryzen\\Desktop\\Projekt Sklep React\\shop\\functions\" for Cloud Functions..."}}
[debug] [2022-01-27T10:17:07.843Z] [worker-pool] addWorker(~diagnostic~) {"metadata":{"emulator":{"name":"functions"},"message":"[worker-pool] addWorker(~diagnostic~)"}}
[debug] [2022-01-27T10:17:07.845Z] [worker-pool] Adding worker with key ~diagnostic~, total=1 {"metadata":{"emulator":{"name":"functions"},"message":"[worker-pool] Adding worker with key ~diagnostic~, total=1"}}
[debug] [2022-01-27T10:17:07.845Z] [worker-pool] submitWork(triggerId=) {"metadata":{"emulator":{"name":"functions"},"message":"[worker-pool] submitWork(triggerId=)"}}
[debug] [2022-01-27T10:17:07.846Z] [worker-~diagnostic~-d9fc3af9-cf24-4edc-a1c8-b92c799e9d5f]: Assigning socketPath: \\?\pipe\C:\Users\ryzen\Desktop\Projekt Sklep React\shop\functions\5092 {"metadata":{"emulator":{"name":"functions"},"message":"[worker-~diagnostic~-d9fc3af9-cf24-4edc-a1c8-b92c799e9d5f]: Assigning socketPath: \\\\?\\pipe\\C:\\Users\\ryzen\\Desktop\\Projekt Sklep React\\shop\\functions\\5092"}}
[debug] [2022-01-27T10:17:07.847Z] [worker-~diagnostic~-d9fc3af9-cf24-4edc-a1c8-b92c799e9d5f]: BUSY {"metadata":{"emulator":{"name":"functions"},"message":"[worker-~diagnostic~-d9fc3af9-cf24-4edc-a1c8-b92c799e9d5f]: BUSY"}}
[debug] [2022-01-27T10:17:08.175Z] [runtime-status] [5092] Functions runtime initialized. {"cwd":"C:\\Users\\ryzen\\Desktop\\Projekt Sklep React\\shop\\functions","node_version":"16.13.0"} {"metadata":{"emulator":{"name":"functions"},"message":"[runtime-status] [5092] Functions runtime initialized. {\"cwd\":\"C:\\\\Users\\\\ryzen\\\\Desktop\\\\Projekt Sklep React\\\\shop\\\\functions\",\"node_version\":\"16.13.0\"}"}}
[debug] [2022-01-27T10:17:08.176Z] [runtime-status] [5092] Disabled runtime features: undefined {"metadata":{"emulator":{"name":"functions"},"message":"[runtime-status] [5092] Disabled runtime features: undefined"}}
[debug] [2022-01-27T10:17:08.184Z] [runtime-status] [5092] Resolved module firebase-admin {"declared":true,"installed":true,"version":"9.12.0","resolution":"C:\\Users\\ryzen\\Desktop\\Projekt Sklep React\\shop\\functions\\node_modules\\firebase-admin\\lib\\index.js"} {"metadata":{"emulator":{"name":"functions"},"message":"[runtime-status] [5092] Resolved module firebase-admin {\"declared\":true,\"installed\":true,\"version\":\"9.12.0\",\"resolution\":\"C:\\\\Users\\\\ryzen\\\\Desktop\\\\Projekt Sklep React\\\\shop\\\\functions\\\\node_modules\\\\firebase-admin\\\\lib\\\\index.js\"}"}}
[debug] [2022-01-27T10:17:08.192Z] [runtime-status] [5092] Resolved module firebase-functions {"declared":true,"installed":true,"version":"3.16.0","resolution":"C:\\Users\\ryzen\\Desktop\\Projekt Sklep React\\shop\\functions\\node_modules\\firebase-functions\\lib\\index.js"} {"metadata":{"emulator":{"name":"functions"},"message":"[runtime-status] [5092] Resolved module firebase-functions {\"declared\":true,\"installed\":true,\"version\":\"3.16.0\",\"resolution\":\"C:\\\\Users\\\\ryzen\\\\Desktop\\\\Projekt Sklep React\\\\shop\\\\functions\\\\node_modules\\\\firebase-functions\\\\lib\\\\index.js\"}"}}
[debug] [2022-01-27T10:17:08.195Z] [runtime-status] [5092] Outgoing network have been stubbed. [{"name":"http","status":"mocked"},{"name":"http","status":"mocked"},{"name":"https","status":"mocked"},{"name":"https","status":"mocked"},{"name":"net","status":"mocked"}] {"metadata":{"emulator":{"name":"functions"},"message":"[runtime-status] [5092] Outgoing network have been stubbed. [{\"name\":\"http\",\"status\":\"mocked\"},{\"name\":\"http\",\"status\":\"mocked\"},{\"name\":\"https\",\"status\":\"mocked\"},{\"name\":\"https\",\"status\":\"mocked\"},{\"name\":\"net\",\"status\":\"mocked\"}]"}}
[debug] [2022-01-27T10:17:08.198Z] [runtime-status] [5092] Resolved module firebase-functions {"declared":true,"installed":true,"version":"3.16.0","resolution":"C:\\Users\\ryzen\\Desktop\\Projekt Sklep React\\shop\\functions\\node_modules\\firebase-functions\\lib\\index.js"} {"metadata":{"emulator":{"name":"functions"},"message":"[runtime-status] [5092] Resolved module firebase-functions {\"declared\":true,\"installed\":true,\"version\":\"3.16.0\",\"resolution\":\"C:\\\\Users\\\\ryzen\\\\Desktop\\\\Projekt Sklep React\\\\shop\\\\functions\\\\node_modules\\\\firebase-functions\\\\lib\\\\index.js\"}"}}
[debug] [2022-01-27T10:17:08.293Z] [runtime-status] [5092] Checked functions.config() {"config":{}} {"metadata":{"emulator":{"name":"functions"},"message":"[runtime-status] [5092] Checked functions.config() {\"config\":{}}"}}
[debug] [2022-01-27T10:17:08.293Z] [runtime-status] [5092] firebase-functions has been stubbed. {"functionsResolution":{"declared":true,"installed":true,"version":"3.16.0","resolution":"C:\\Users\\ryzen\\Desktop\\Projekt Sklep React\\shop\\functions\\node_modules\\firebase-functions\\lib\\index.js"}} {"metadata":{"emulator":{"name":"functions"},"message":"[runtime-status] [5092] firebase-functions has been stubbed. {\"functionsResolution\":{\"declared\":true,\"installed\":true,\"version\":\"3.16.0\",\"resolution\":\"C:\\\\Users\\\\ryzen\\\\Desktop\\\\Projekt Sklep React\\\\shop\\\\functions\\\\node_modules\\\\firebase-functions\\\\lib\\\\index.js\"}}"}}
[debug] [2022-01-27T10:17:08.294Z] [runtime-status] [5092] Resolved module firebase-functions {"declared":true,"installed":true,"version":"3.16.0","resolution":"C:\\Users\\ryzen\\Desktop\\Projekt Sklep React\\shop\\functions\\node_modules\\firebase-functions\\lib\\index.js"} {"metadata":{"emulator":{"name":"functions"},"message":"[runtime-status] [5092] Resolved module firebase-functions {\"declared\":true,\"installed\":true,\"version\":\"3.16.0\",\"resolution\":\"C:\\\\Users\\\\ryzen\\\\Desktop\\\\Projekt Sklep React\\\\shop\\\\functions\\\\node_modules\\\\firebase-functions\\\\lib\\\\index.js\"}"}}
[debug] [2022-01-27T10:17:08.296Z] [runtime-status] [5092] Resolved module firebase-admin {"declared":true,"installed":true,"version":"9.12.0","resolution":"C:\\Users\\ryzen\\Desktop\\Projekt Sklep React\\shop\\functions\\node_modules\\firebase-admin\\lib\\index.js"} {"metadata":{"emulator":{"name":"functions"},"message":"[runtime-status] [5092] Resolved module firebase-admin {\"declared\":true,\"installed\":true,\"version\":\"9.12.0\",\"resolution\":\"C:\\\\Users\\\\ryzen\\\\Desktop\\\\Projekt Sklep React\\\\shop\\\\functions\\\\node_modules\\\\firebase-admin\\\\lib\\\\index.js\"}"}}
[debug] [2022-01-27T10:17:08.298Z] [runtime-status] [5092] Resolved module firebase-functions {"declared":true,"installed":true,"version":"3.16.0","resolution":"C:\\Users\\ryzen\\Desktop\\Projekt Sklep React\\shop\\functions\\node_modules\\firebase-functions\\lib\\index.js"} {"metadata":{"emulator":{"name":"functions"},"message":"[runtime-status] [5092] Resolved module firebase-functions {\"declared\":true,\"installed\":true,\"version\":\"3.16.0\",\"resolution\":\"C:\\\\Users\\\\ryzen\\\\Desktop\\\\Projekt Sklep React\\\\shop\\\\functions\\\\node_modules\\\\firebase-functions\\\\lib\\\\index.js\"}"}}
[debug] [2022-01-27T10:17:08.299Z] [runtime-status] [5092] firebase-admin has been stubbed. {"adminResolution":{"declared":true,"installed":true,"version":"9.12.0","resolution":"C:\\Users\\ryzen\\Desktop\\Projekt Sklep React\\shop\\functions\\node_modules\\firebase-admin\\lib\\index.js"}} {"metadata":{"emulator":{"name":"functions"},"message":"[runtime-status] [5092] firebase-admin has been stubbed. {\"adminResolution\":{\"declared\":true,\"installed\":true,\"version\":\"9.12.0\",\"resolution\":\"C:\\\\Users\\\\ryzen\\\\Desktop\\\\Projekt Sklep React\\\\shop\\\\functions\\\\node_modules\\\\firebase-admin\\\\lib\\\\index.js\"}}"}}
[info] +  functions[us-central1-api]: http function initialized (http://localhost:5001/shop-1cc63/us-central1/api). {"metadata":{"emulator":{"name":"functions"},"message":"\u001b[1mhttp\u001b[22m function initialized (http://localhost:5001/shop-1cc63/us-central1/api)."}}
[info] 
┌─────────────────────────────────────────────────────────────┐
│ ✔  All emulators ready! It is now safe to connect your app. │
└─────────────────────────────────────────────────────────────┘

┌───────────┬────────────────┐
│ Emulator  │ Host:Port      │
├───────────┼────────────────┤
│ Functions │ localhost:5001 │
├───────────┼────────────────┤
│ Hosting   │ localhost:5000 │
└───────────┴────────────────┘
  Emulator Hub running at localhost:4400
  Other reserved ports: None

Issues? Report them at https://github.com/firebase/firebase-tools/issues and attach the *-debug.log files.
 
[debug] [2022-01-27T10:17:08.684Z] [worker-~diagnostic~-d9fc3af9-cf24-4edc-a1c8-b92c799e9d5f]: IDLE {"metadata":{"emulator":{"name":"functions"},"message":"[worker-~diagnostic~-d9fc3af9-cf24-4edc-a1c8-b92c799e9d5f]: IDLE"}}
